


ARM Macro Assembler    Page 1 


    1 00000000         ;******************** (C) COPYRIGHT 2009 STMicroelectron
                       ics ********************
    2 00000000         ;* File Name          : startup_stm32f10x_md.s
    3 00000000         ;* Author             : MCD Application Team
    4 00000000         ;* Version            : V3.0.0
    5 00000000         ;* Date               : 04/06/2009
    6 00000000         ;* Description        : STM32F10x Medium Density Devices
                        vector table for RVMDK 
    7 00000000         ;*                      toolchain.  
    8 00000000         ;*                      This module performs:
    9 00000000         ;*                      - Set the initial SP
   10 00000000         ;*                      - Set the initial PC == Reset_Ha
                       ndler
   11 00000000         ;*                      - Set the vector table entries w
                       ith the exceptions ISR address
   12 00000000         ;*                      - Branches to __main in the C li
                       brary (which eventually
   13 00000000         ;*                        calls main()).
   14 00000000         ;*                      After Reset the CortexM3 process
                       or is in Thread mode,
   15 00000000         ;*                      priority is Privileged, and the 
                       Stack is set to Main.
   16 00000000         ;* <<< Use Configuration Wizard in Context Menu >>>   
   17 00000000         ;*******************************************************
                       ************************
   18 00000000         ; THE PRESENT FIRMWARE WHICH IS FOR GUIDANCE ONLY AIMS A
                       T PROVIDING CUSTOMERS
   19 00000000         ; WITH CODING INFORMATION REGARDING THEIR PRODUCTS IN OR
                       DER FOR THEM TO SAVE TIME.
   20 00000000         ; AS A RESULT, STMICROELECTRONICS SHALL NOT BE HELD LIAB
                       LE FOR ANY DIRECT,
   21 00000000         ; INDIRECT OR CONSEQUENTIAL DAMAGES WITH RESPECT TO ANY 
                       CLAIMS ARISING FROM THE
   22 00000000         ; CONTENT OF SUCH FIRMWARE AND/OR THE USE MADE BY CUSTOM
                       ERS OF THE CODING
   23 00000000         ; INFORMATION CONTAINED HEREIN IN CONNECTION WITH THEIR 
                       PRODUCTS.
   24 00000000         ;*******************************************************
                       ************************
   25 00000000         
   26 00000000         ; Amount of memory (in bytes) allocated for Stack
   27 00000000         ; Tailor this value to your application needs
   28 00000000         ; <h> Stack Configuration
   29 00000000         ;   <o> Stack Size (in Bytes) <0x0-0xFFFFFFFF:8>
   30 00000000         ; </h>
   31 00000000 00000400 
                       Stack_Size
                               EQU              0x00000400
   32 00000000                 AREA             STACK, NOINIT, READWRITE, ALIGN
=3
   33 00000000         Stack_Mem
                               SPACE            Stack_Size
   34 00000400         __initial_sp
   35 00000400         
   36 00000400 00000000 
                       Heap_Size
                               EQU              0x00000000
   37 00000400                 AREA             HEAP, NOINIT, READWRITE, ALIGN=
3



ARM Macro Assembler    Page 2 


   38 00000000         __heap_base
   39 00000000         Heap_Mem
                               SPACE            Heap_Size
   40 00000000         __heap_limit
   41 00000000         
   42 00000000                 PRESERVE8
   43 00000000                 THUMB
   44 00000000         
   45 00000000                 AREA             RESET, DATA, READONLY
   46 00000000                 EXPORT           __Vectors
   47 00000000                 EXPORT           __Vectors_End
   48 00000000                 EXPORT           __Vectors_Size
   49 00000000         
   50 00000000 00000000 
                       __Vectors
                               DCD              __initial_sp
   51 00000004 00000000        DCD              Reset_Handler
   52 00000008 00000000        DCD              NMI_Handler
   53 0000000C 00000000        DCD              HardFault_Handler
   54 00000010 00000000        DCD              MemManage_Handler
   55 00000014 00000000        DCD              BusFault_Handler
   56 00000018 00000000        DCD              UsageFault_Handler
   57 0000001C 00000000        DCD              0
   58 00000020 00000000        DCD              0
   59 00000024 00000000        DCD              0
   60 00000028 00000000        DCD              0
   61 0000002C 00000000        DCD              SVC_Handler
   62 00000030 00000000        DCD              DebugMon_Handler
   63 00000034 00000000        DCD              0
   64 00000038 00000000        DCD              PendSV_Handler
   65 0000003C 00000000        DCD              SysTick_Handler
   66 00000040 00000000        DCD              WWDG_IRQHandler
   67 00000044 00000000        DCD              PVD_IRQHandler
   68 00000048 00000000        DCD              TAMPER_IRQHandler
   69 0000004C 00000000        DCD              RTC_IRQHandler
   70 00000050 00000000        DCD              FLASH_IRQHandler
   71 00000054 00000000        DCD              RCC_IRQHandler
   72 00000058 00000000        DCD              EXTI0_IRQHandler
   73 0000005C 00000000        DCD              EXTI1_IRQHandler
   74 00000060 00000000        DCD              EXTI2_IRQHandler
   75 00000064 00000000        DCD              EXTI3_IRQHandler
   76 00000068 00000000        DCD              EXTI4_IRQHandler
   77 0000006C 00000000        DCD              DMA1_Channel1_IRQHandler
   78 00000070 00000000        DCD              DMA1_Channel2_IRQHandler
   79 00000074 00000000        DCD              DMA1_Channel3_IRQHandler
   80 00000078 00000000        DCD              DMA1_Channel4_IRQHandler
   81 0000007C 00000000        DCD              DMA1_Channel5_IRQHandler
   82 00000080 00000000        DCD              DMA1_Channel6_IRQHandler
   83 00000084 00000000        DCD              DMA1_Channel7_IRQHandler
   84 00000088 00000000        DCD              ADC1_2_IRQHandler
   85 0000008C 00000000        DCD              USB_HP_CAN1_TX_IRQHandler
   86 00000090 00000000        DCD              USB_LP_CAN1_RX0_IRQHandler
   87 00000094 00000000        DCD              CAN1_RX1_IRQHandler
   88 00000098 00000000        DCD              CAN1_SCE_IRQHandler
   89 0000009C 00000000        DCD              EXTI9_5_IRQHandler
   90 000000A0 00000000        DCD              TIM1_BRK_IRQHandler
   91 000000A4 00000000        DCD              TIM1_UP_IRQHandler
   92 000000A8 00000000        DCD              TIM1_TRG_COM_IRQHandler
   93 000000AC 00000000        DCD              TIM1_CC_IRQHandler



ARM Macro Assembler    Page 3 


   94 000000B0 00000000        DCD              TIM2_IRQHandler
   95 000000B4 00000000        DCD              TIM3_IRQHandler
   96 000000B8 00000000        DCD              TIM4_IRQHandler
   97 000000BC 00000000        DCD              I2C1_EV_IRQHandler
   98 000000C0 00000000        DCD              I2C1_ER_IRQHandler
   99 000000C4 00000000        DCD              I2C2_EV_IRQHandler
  100 000000C8 00000000        DCD              I2C2_ER_IRQHandler
  101 000000CC 00000000        DCD              SPI1_IRQHandler
  102 000000D0 00000000        DCD              SPI2_IRQHandler
  103 000000D4 00000000        DCD              USART1_IRQHandler
  104 000000D8 00000000        DCD              USART2_IRQHandler
  105 000000DC 00000000        DCD              USART3_IRQHandler
  106 000000E0 00000000        DCD              EXTI15_10_IRQHandler
  107 000000E4 00000000        DCD              RTCAlarm_IRQHandler
  108 000000E8 00000000        DCD              USBWakeUp_IRQHandler
  109 000000EC         __Vectors_End
  110 000000EC         
  111 000000EC 000000EC 
                       __Vectors_Size
                               EQU              __Vectors_End - __Vectors
  112 000000EC         
  113 000000EC                 AREA             |.text|, CODE, READONLY
  114 00000000         
  115 00000000 20001000 
                       VAR_X_FLAG
                               EQU              0x20001000
  116 00000000 20001004 
                       VAR_Y_COUNT
                               EQU              0x20001004
  117 00000000 00000019 
                       MAX_VAL_25
                               EQU              25
  118 00000000 00004347 
                       CONST_A_VAL
                               EQU              0x4347
  119 00000000 00004D43 
                       CONST_B_VAL
                               EQU              0x4D43
  120 00000000 00005500 
                       CONST_C_VAL
                               EQU              0x5500
  121 00000000 0800E006 
                       MEM_X_ADDR
                               EQU              0x0800E006
  122 00000000 0800E008 
                       MEM_Y_ADDR
                               EQU              0x0800E008
  123 00000000 0800E00A 
                       MEM_Z_ADDR
                               EQU              0x0800E00A
  124 00000000         
  125 00000000                 IMPORT           SystemInit
  126 00000000                 IMPORT           __main
  127 00000000                 EXPORT           ProcessTerminate
  128 00000000                 EXPORT           CounterVerify
  129 00000000         
  130 00000000         Reset_Handler
                               PROC
  131 00000000                 EXPORT           Reset_Handler             [WEAK



ARM Macro Assembler    Page 4 


]
  132 00000000         
  133 00000000 E7FE            B                DataCheckProc
  134 00000002                 ENDP
  135 00000002         
  136 00000002         ProcessTerminate
                               PROC
  137 00000002         
  138 00000002 E7FE            B                .
  139 00000004                 ENDP
  140 00000004         
  141 00000004         CounterVerify
                               PROC
  142 00000004 4821            LDR              R0, =VAR_Y_COUNT
  143 00000006 6801            LDR              R1, [R0]
  144 00000008         
  145 00000008 F101 0101       ADD              R1, R1, #1
  146 0000000C         
  147 0000000C 6001            STR              R1, [R0]
  148 0000000E         
  149 0000000E F04F 0219       LDR              R2, =MAX_VAL_25
  150 00000012 4291            CMP              R1, R2
  151 00000014 DB00            BLT              ContinueProc
  152 00000016         
  153 00000016         
  154 00000016 E7FE            B                ProcessTerminate
  155 00000018         
  156 00000018         ContinueProc
  157 00000018 4770            BX               LR
  158 0000001A                 ENDP
  159 0000001A         
  160 0000001A         DataCheckProc
                               PROC
  161 0000001A         
  162 0000001A 481D            LDR              R0, =0x20001000
  163 0000001C F04F 0100       MOV              R1, #0
  164 00000020 F04F 0208       MOV              R2, #8
  165 00000024         
  166 00000024         ClearSRAMLoop
  167 00000024 2A00            CMP              R2, #0
  168 00000026 D003            BEQ              ClearDone
  169 00000028 F840 1B04       STR              R1, [R0], #4
  170 0000002C 1E52            SUBS             R2, R2, #1
  171 0000002E D1F9            BNE              ClearSRAMLoop
  172 00000030         
  173 00000030         ClearDone
  174 00000030         
  175 00000030 4818            LDR              R0, =MEM_X_ADDR
  176 00000032 8801            LDRH             R1, [R0]
  177 00000034 4818            LDR              R0, =MEM_Y_ADDR
  178 00000036 8802            LDRH             R2, [R0]
  179 00000038 4818            LDR              R0, =MEM_Z_ADDR
  180 0000003A 8803            LDRH             R3, [R0]
  181 0000003C         
  182 0000003C         
  183 0000003C F244 3447       LDR              R4, =CONST_A_VAL
  184 00000040 42A1            CMP              R1, R4
  185 00000042 D10C            BNE              DataErrorPath
  186 00000044 F644 5443       LDR              R4, =CONST_B_VAL



ARM Macro Assembler    Page 5 


  187 00000048 42A2            CMP              R2, R4
  188 0000004A D108            BNE              DataErrorPath
  189 0000004C F44F 44AA       LDR              R4, =CONST_C_VAL
  190 00000050 42A3            CMP              R3, R4
  191 00000052 D104            BNE              DataErrorPath
  192 00000054         
  193 00000054         
  194 00000054 480E            LDR              R0, =VAR_X_FLAG
  195 00000056 F04F 0100       MOV              R1, #0
  196 0000005A 7001            STRB             R1, [R0]
  197 0000005C E003            B                SetCounterZero
  198 0000005E         
  199 0000005E         DataErrorPath
  200 0000005E         
  201 0000005E 480C            LDR              R0, =VAR_X_FLAG
  202 00000060 F04F 0100       MOV              R1, #0
  203 00000064 7001            STRB             R1, [R0]
  204 00000066         
  205 00000066         SetCounterZero
  206 00000066         
  207 00000066 4809            LDR              R0, =VAR_Y_COUNT
  208 00000068 F04F 0100       MOV              R1, #0
  209 0000006C 6001            STR              R1, [R0]
  210 0000006E         
  211 0000006E         
  212 0000006E F7FF FFFE       BL               SystemInit
  213 00000072         
  214 00000072         
  215 00000072 480B            LDR              R0, =__main
  216 00000074 4700            BX               R0
  217 00000076                 ENDP
  218 00000076         
  219 00000076         
  220 00000076         NMI_Handler
                               PROC
  221 00000076                 EXPORT           NMI_Handler                [WEA
K]
  222 00000076 E7FE            B                .
  223 00000078                 ENDP
  224 00000078         
  226 00000078         HardFault_Handler
                               PROC
  227 00000078                 EXPORT           HardFault_Handler          [WEA
K]
  228 00000078 E7FE            B                .
  229 0000007A                 ENDP
  230 0000007A         
  232 0000007A         MemManage_Handler
                               PROC
  233 0000007A                 EXPORT           MemManage_Handler          [WEA
K]
  234 0000007A E7FE            B                .
  235 0000007C                 ENDP
  236 0000007C         
  238 0000007C         BusFault_Handler
                               PROC
  239 0000007C                 EXPORT           BusFault_Handler           [WEA
K]
  240 0000007C E7FE            B                .



ARM Macro Assembler    Page 6 


  241 0000007E                 ENDP
  242 0000007E         
  244 0000007E         UsageFault_Handler
                               PROC
  245 0000007E                 EXPORT           UsageFault_Handler         [WEA
K]
  246 0000007E E7FE            B                .
  247 00000080                 ENDP
  248 00000080         
  249 00000080         SVC_Handler
                               PROC
  250 00000080                 EXPORT           SVC_Handler                [WEA
K]
  251 00000080 E7FE            B                .
  252 00000082                 ENDP
  253 00000082         
  255 00000082         DebugMon_Handler
                               PROC
  256 00000082                 EXPORT           DebugMon_Handler           [WEA
K]
  257 00000082 E7FE            B                .
  258 00000084                 ENDP
  259 00000084         
  260 00000084         PendSV_Handler
                               PROC
  261 00000084                 EXPORT           PendSV_Handler             [WEA
K]
  262 00000084 E7FE            B                .
  263 00000086                 ENDP
  264 00000086         
  265 00000086         SysTick_Handler
                               PROC
  266 00000086                 EXPORT           SysTick_Handler            [WEA
K]
  267 00000086 E7FE            B                .
  268 00000088                 ENDP
  269 00000088         
  270 00000088         Default_Handler
                               PROC
  271 00000088                 EXPORT           WWDG_IRQHandler            [WEA
K]
  272 00000088                 EXPORT           PVD_IRQHandler             [WEA
K]
  273 00000088                 EXPORT           TAMPER_IRQHandler          [WEA
K]
  274 00000088                 EXPORT           RTC_IRQHandler             [WEA
K]
  275 00000088                 EXPORT           FLASH_IRQHandler           [WEA
K]
  276 00000088                 EXPORT           RCC_IRQHandler             [WEA
K]
  277 00000088                 EXPORT           EXTI0_IRQHandler           [WEA
K]
  278 00000088                 EXPORT           EXTI1_IRQHandler           [WEA
K]
  279 00000088                 EXPORT           EXTI2_IRQHandler           [WEA
K]
  280 00000088                 EXPORT           EXTI3_IRQHandler           [WEA
K]



ARM Macro Assembler    Page 7 


  281 00000088                 EXPORT           EXTI4_IRQHandler           [WEA
K]
  282 00000088                 EXPORT           DMA1_Channel1_IRQHandler   [WEA
K]
  283 00000088                 EXPORT           DMA1_Channel2_IRQHandler   [WEA
K]
  284 00000088                 EXPORT           DMA1_Channel3_IRQHandler   [WEA
K]
  285 00000088                 EXPORT           DMA1_Channel4_IRQHandler   [WEA
K]
  286 00000088                 EXPORT           DMA1_Channel5_IRQHandler   [WEA
K]
  287 00000088                 EXPORT           DMA1_Channel6_IRQHandler   [WEA
K]
  288 00000088                 EXPORT           DMA1_Channel7_IRQHandler   [WEA
K]
  289 00000088                 EXPORT           ADC1_2_IRQHandler          [WEA
K]
  290 00000088                 EXPORT           USB_HP_CAN1_TX_IRQHandler  [WEA
K]
  291 00000088                 EXPORT           USB_LP_CAN1_RX0_IRQHandler [WEA
K]
  292 00000088                 EXPORT           CAN1_RX1_IRQHandler        [WEA
K]
  293 00000088                 EXPORT           CAN1_SCE_IRQHandler        [WEA
K]
  294 00000088                 EXPORT           EXTI9_5_IRQHandler         [WEA
K]
  295 00000088                 EXPORT           TIM1_BRK_IRQHandler        [WEA
K]
  296 00000088                 EXPORT           TIM1_UP_IRQHandler         [WEA
K]
  297 00000088                 EXPORT           TIM1_TRG_COM_IRQHandler    [WEA
K]
  298 00000088                 EXPORT           TIM1_CC_IRQHandler         [WEA
K]
  299 00000088                 EXPORT           TIM2_IRQHandler            [WEA
K]
  300 00000088                 EXPORT           TIM3_IRQHandler            [WEA
K]
  301 00000088                 EXPORT           TIM4_IRQHandler            [WEA
K]
  302 00000088                 EXPORT           I2C1_EV_IRQHandler         [WEA
K]
  303 00000088                 EXPORT           I2C1_ER_IRQHandler         [WEA
K]
  304 00000088                 EXPORT           I2C2_EV_IRQHandler         [WEA
K]
  305 00000088                 EXPORT           I2C2_ER_IRQHandler         [WEA
K]
  306 00000088                 EXPORT           SPI1_IRQHandler            [WEA
K]
  307 00000088                 EXPORT           SPI2_IRQHandler            [WEA
K]
  308 00000088                 EXPORT           USART1_IRQHandler          [WEA
K]
  309 00000088                 EXPORT           USART2_IRQHandler          [WEA
K]
  310 00000088                 EXPORT           USART3_IRQHandler          [WEA



ARM Macro Assembler    Page 8 


K]
  311 00000088                 EXPORT           EXTI15_10_IRQHandler       [WEA
K]
  312 00000088                 EXPORT           RTCAlarm_IRQHandler        [WEA
K]
  313 00000088                 EXPORT           USBWakeUp_IRQHandler       [WEA
K]
  314 00000088         
  315 00000088         WWDG_IRQHandler
  316 00000088         PVD_IRQHandler
  317 00000088         TAMPER_IRQHandler
  318 00000088         RTC_IRQHandler
  319 00000088         FLASH_IRQHandler
  320 00000088         RCC_IRQHandler
  321 00000088         EXTI0_IRQHandler
  322 00000088         EXTI1_IRQHandler
  323 00000088         EXTI2_IRQHandler
  324 00000088         EXTI3_IRQHandler
  325 00000088         EXTI4_IRQHandler
  326 00000088         DMA1_Channel1_IRQHandler
  327 00000088         DMA1_Channel2_IRQHandler
  328 00000088         DMA1_Channel3_IRQHandler
  329 00000088         DMA1_Channel4_IRQHandler
  330 00000088         DMA1_Channel5_IRQHandler
  331 00000088         DMA1_Channel6_IRQHandler
  332 00000088         DMA1_Channel7_IRQHandler
  333 00000088         ADC1_2_IRQHandler
  334 00000088         USB_HP_CAN1_TX_IRQHandler
  335 00000088         USB_LP_CAN1_RX0_IRQHandler
  336 00000088         CAN1_RX1_IRQHandler
  337 00000088         CAN1_SCE_IRQHandler
  338 00000088         EXTI9_5_IRQHandler
  339 00000088         TIM1_BRK_IRQHandler
  340 00000088         TIM1_UP_IRQHandler
  341 00000088         TIM1_TRG_COM_IRQHandler
  342 00000088         TIM1_CC_IRQHandler
  343 00000088         TIM2_IRQHandler
  344 00000088         TIM3_IRQHandler
  345 00000088         TIM4_IRQHandler
  346 00000088         I2C1_EV_IRQHandler
  347 00000088         I2C1_ER_IRQHandler
  348 00000088         I2C2_EV_IRQHandler
  349 00000088         I2C2_ER_IRQHandler
  350 00000088         SPI1_IRQHandler
  351 00000088         SPI2_IRQHandler
  352 00000088         USART1_IRQHandler
  353 00000088         USART2_IRQHandler
  354 00000088         USART3_IRQHandler
  355 00000088         EXTI15_10_IRQHandler
  356 00000088         RTCAlarm_IRQHandler
  357 00000088         USBWakeUp_IRQHandler
  358 00000088 E7FE            B                .
  359 0000008A                 ENDP
  360 0000008A         
  361 0000008A 00 00           ALIGN
  362 0000008C         
  363 0000008C                 IF               :DEF:__MICROLIB
  364 0000008C                 EXPORT           __initial_sp
  365 0000008C                 EXPORT           __heap_base



ARM Macro Assembler    Page 9 


  366 0000008C                 EXPORT           __heap_limit
  367 0000008C                 ELSE
  378                          ENDIF
  379 0000008C                 END
              20001004 
              20001000 
              0800E006 
              0800E008 
              0800E00A 
              00000000 
Command Line: --debug --xref --diag_suppress=9931 --cpu=Cortex-M3 --apcs=interw
ork --depend=..\obj\startup_stm32f10x_md.d -o..\obj\startup_stm32f10x_md.o -I"D
:\keil pcag\Keil\STM32F1xx_DFP\2.4.1\Device\Include" --predefine="__MICROLIB SE
TA 1" --predefine="__UVISION_VERSION SETA 535" --predefine="STM32F10X_MD SETA 1
" --list=.\listings\startup_stm32f10x_md.lst ..\CORE\startup_stm32f10x_md.s



ARM Macro Assembler    Page 1 Alphabetic symbol ordering
Relocatable symbols

STACK 00000000

Symbol: STACK
   Definitions
      At line 32 in file ..\CORE\startup_stm32f10x_md.s
   Uses
      None
Comment: STACK unused
Stack_Mem 00000000

Symbol: Stack_Mem
   Definitions
      At line 33 in file ..\CORE\startup_stm32f10x_md.s
   Uses
      None
Comment: Stack_Mem unused
__initial_sp 00000400

Symbol: __initial_sp
   Definitions
      At line 34 in file ..\CORE\startup_stm32f10x_md.s
   Uses
      At line 50 in file ..\CORE\startup_stm32f10x_md.s
      At line 364 in file ..\CORE\startup_stm32f10x_md.s

3 symbols



ARM Macro Assembler    Page 1 Alphabetic symbol ordering
Relocatable symbols

HEAP 00000000

Symbol: HEAP
   Definitions
      At line 37 in file ..\CORE\startup_stm32f10x_md.s
   Uses
      None
Comment: HEAP unused
Heap_Mem 00000000

Symbol: Heap_Mem
   Definitions
      At line 39 in file ..\CORE\startup_stm32f10x_md.s
   Uses
      None
Comment: Heap_Mem unused
__heap_base 00000000

Symbol: __heap_base
   Definitions
      At line 38 in file ..\CORE\startup_stm32f10x_md.s
   Uses
      At line 365 in file ..\CORE\startup_stm32f10x_md.s
Comment: __heap_base used once
__heap_limit 00000000

Symbol: __heap_limit
   Definitions
      At line 40 in file ..\CORE\startup_stm32f10x_md.s
   Uses
      At line 366 in file ..\CORE\startup_stm32f10x_md.s
Comment: __heap_limit used once
4 symbols



ARM Macro Assembler    Page 1 Alphabetic symbol ordering
Relocatable symbols

RESET 00000000

Symbol: RESET
   Definitions
      At line 45 in file ..\CORE\startup_stm32f10x_md.s
   Uses
      None
Comment: RESET unused
__Vectors 00000000

Symbol: __Vectors
   Definitions
      At line 50 in file ..\CORE\startup_stm32f10x_md.s
   Uses
      At line 46 in file ..\CORE\startup_stm32f10x_md.s
      At line 111 in file ..\CORE\startup_stm32f10x_md.s

__Vectors_End 000000EC

Symbol: __Vectors_End
   Definitions
      At line 109 in file ..\CORE\startup_stm32f10x_md.s
   Uses
      At line 47 in file ..\CORE\startup_stm32f10x_md.s
      At line 111 in file ..\CORE\startup_stm32f10x_md.s

3 symbols



ARM Macro Assembler    Page 1 Alphabetic symbol ordering
Relocatable symbols

.text 00000000

Symbol: .text
   Definitions
      At line 113 in file ..\CORE\startup_stm32f10x_md.s
   Uses
      None
Comment: .text unused
ADC1_2_IRQHandler 00000088

Symbol: ADC1_2_IRQHandler
   Definitions
      At line 333 in file ..\CORE\startup_stm32f10x_md.s
   Uses
      At line 84 in file ..\CORE\startup_stm32f10x_md.s
      At line 289 in file ..\CORE\startup_stm32f10x_md.s

BusFault_Handler 0000007C

Symbol: BusFault_Handler
   Definitions
      At line 238 in file ..\CORE\startup_stm32f10x_md.s
   Uses
      At line 55 in file ..\CORE\startup_stm32f10x_md.s
      At line 239 in file ..\CORE\startup_stm32f10x_md.s

CAN1_RX1_IRQHandler 00000088

Symbol: CAN1_RX1_IRQHandler
   Definitions
      At line 336 in file ..\CORE\startup_stm32f10x_md.s
   Uses
      At line 87 in file ..\CORE\startup_stm32f10x_md.s
      At line 292 in file ..\CORE\startup_stm32f10x_md.s

CAN1_SCE_IRQHandler 00000088

Symbol: CAN1_SCE_IRQHandler
   Definitions
      At line 337 in file ..\CORE\startup_stm32f10x_md.s
   Uses
      At line 88 in file ..\CORE\startup_stm32f10x_md.s
      At line 293 in file ..\CORE\startup_stm32f10x_md.s

ClearDone 00000030

Symbol: ClearDone
   Definitions
      At line 173 in file ..\CORE\startup_stm32f10x_md.s
   Uses
      At line 168 in file ..\CORE\startup_stm32f10x_md.s
Comment: ClearDone used once
ClearSRAMLoop 00000024

Symbol: ClearSRAMLoop
   Definitions
      At line 166 in file ..\CORE\startup_stm32f10x_md.s
   Uses
      At line 171 in file ..\CORE\startup_stm32f10x_md.s



ARM Macro Assembler    Page 2 Alphabetic symbol ordering
Relocatable symbols

Comment: ClearSRAMLoop used once
ContinueProc 00000018

Symbol: ContinueProc
   Definitions
      At line 156 in file ..\CORE\startup_stm32f10x_md.s
   Uses
      At line 151 in file ..\CORE\startup_stm32f10x_md.s
Comment: ContinueProc used once
CounterVerify 00000004

Symbol: CounterVerify
   Definitions
      At line 141 in file ..\CORE\startup_stm32f10x_md.s
   Uses
      At line 128 in file ..\CORE\startup_stm32f10x_md.s
Comment: CounterVerify used once
DMA1_Channel1_IRQHandler 00000088

Symbol: DMA1_Channel1_IRQHandler
   Definitions
      At line 326 in file ..\CORE\startup_stm32f10x_md.s
   Uses
      At line 77 in file ..\CORE\startup_stm32f10x_md.s
      At line 282 in file ..\CORE\startup_stm32f10x_md.s

DMA1_Channel2_IRQHandler 00000088

Symbol: DMA1_Channel2_IRQHandler
   Definitions
      At line 327 in file ..\CORE\startup_stm32f10x_md.s
   Uses
      At line 78 in file ..\CORE\startup_stm32f10x_md.s
      At line 283 in file ..\CORE\startup_stm32f10x_md.s

DMA1_Channel3_IRQHandler 00000088

Symbol: DMA1_Channel3_IRQHandler
   Definitions
      At line 328 in file ..\CORE\startup_stm32f10x_md.s
   Uses
      At line 79 in file ..\CORE\startup_stm32f10x_md.s
      At line 284 in file ..\CORE\startup_stm32f10x_md.s

DMA1_Channel4_IRQHandler 00000088

Symbol: DMA1_Channel4_IRQHandler
   Definitions
      At line 329 in file ..\CORE\startup_stm32f10x_md.s
   Uses
      At line 80 in file ..\CORE\startup_stm32f10x_md.s
      At line 285 in file ..\CORE\startup_stm32f10x_md.s

DMA1_Channel5_IRQHandler 00000088

Symbol: DMA1_Channel5_IRQHandler
   Definitions
      At line 330 in file ..\CORE\startup_stm32f10x_md.s
   Uses



ARM Macro Assembler    Page 3 Alphabetic symbol ordering
Relocatable symbols

      At line 81 in file ..\CORE\startup_stm32f10x_md.s
      At line 286 in file ..\CORE\startup_stm32f10x_md.s

DMA1_Channel6_IRQHandler 00000088

Symbol: DMA1_Channel6_IRQHandler
   Definitions
      At line 331 in file ..\CORE\startup_stm32f10x_md.s
   Uses
      At line 82 in file ..\CORE\startup_stm32f10x_md.s
      At line 287 in file ..\CORE\startup_stm32f10x_md.s

DMA1_Channel7_IRQHandler 00000088

Symbol: DMA1_Channel7_IRQHandler
   Definitions
      At line 332 in file ..\CORE\startup_stm32f10x_md.s
   Uses
      At line 83 in file ..\CORE\startup_stm32f10x_md.s
      At line 288 in file ..\CORE\startup_stm32f10x_md.s

DataCheckProc 0000001A

Symbol: DataCheckProc
   Definitions
      At line 160 in file ..\CORE\startup_stm32f10x_md.s
   Uses
      At line 133 in file ..\CORE\startup_stm32f10x_md.s
Comment: DataCheckProc used once
DataErrorPath 0000005E

Symbol: DataErrorPath
   Definitions
      At line 199 in file ..\CORE\startup_stm32f10x_md.s
   Uses
      At line 185 in file ..\CORE\startup_stm32f10x_md.s
      At line 188 in file ..\CORE\startup_stm32f10x_md.s
      At line 191 in file ..\CORE\startup_stm32f10x_md.s

DebugMon_Handler 00000082

Symbol: DebugMon_Handler
   Definitions
      At line 255 in file ..\CORE\startup_stm32f10x_md.s
   Uses
      At line 62 in file ..\CORE\startup_stm32f10x_md.s
      At line 256 in file ..\CORE\startup_stm32f10x_md.s

Default_Handler 00000088

Symbol: Default_Handler
   Definitions
      At line 270 in file ..\CORE\startup_stm32f10x_md.s
   Uses
      None
Comment: Default_Handler unused
EXTI0_IRQHandler 00000088

Symbol: EXTI0_IRQHandler



ARM Macro Assembler    Page 4 Alphabetic symbol ordering
Relocatable symbols

   Definitions
      At line 321 in file ..\CORE\startup_stm32f10x_md.s
   Uses
      At line 72 in file ..\CORE\startup_stm32f10x_md.s
      At line 277 in file ..\CORE\startup_stm32f10x_md.s

EXTI15_10_IRQHandler 00000088

Symbol: EXTI15_10_IRQHandler
   Definitions
      At line 355 in file ..\CORE\startup_stm32f10x_md.s
   Uses
      At line 106 in file ..\CORE\startup_stm32f10x_md.s
      At line 311 in file ..\CORE\startup_stm32f10x_md.s

EXTI1_IRQHandler 00000088

Symbol: EXTI1_IRQHandler
   Definitions
      At line 322 in file ..\CORE\startup_stm32f10x_md.s
   Uses
      At line 73 in file ..\CORE\startup_stm32f10x_md.s
      At line 278 in file ..\CORE\startup_stm32f10x_md.s

EXTI2_IRQHandler 00000088

Symbol: EXTI2_IRQHandler
   Definitions
      At line 323 in file ..\CORE\startup_stm32f10x_md.s
   Uses
      At line 74 in file ..\CORE\startup_stm32f10x_md.s
      At line 279 in file ..\CORE\startup_stm32f10x_md.s

EXTI3_IRQHandler 00000088

Symbol: EXTI3_IRQHandler
   Definitions
      At line 324 in file ..\CORE\startup_stm32f10x_md.s
   Uses
      At line 75 in file ..\CORE\startup_stm32f10x_md.s
      At line 280 in file ..\CORE\startup_stm32f10x_md.s

EXTI4_IRQHandler 00000088

Symbol: EXTI4_IRQHandler
   Definitions
      At line 325 in file ..\CORE\startup_stm32f10x_md.s
   Uses
      At line 76 in file ..\CORE\startup_stm32f10x_md.s
      At line 281 in file ..\CORE\startup_stm32f10x_md.s

EXTI9_5_IRQHandler 00000088

Symbol: EXTI9_5_IRQHandler
   Definitions
      At line 338 in file ..\CORE\startup_stm32f10x_md.s
   Uses
      At line 89 in file ..\CORE\startup_stm32f10x_md.s
      At line 294 in file ..\CORE\startup_stm32f10x_md.s



ARM Macro Assembler    Page 5 Alphabetic symbol ordering
Relocatable symbols


FLASH_IRQHandler 00000088

Symbol: FLASH_IRQHandler
   Definitions
      At line 319 in file ..\CORE\startup_stm32f10x_md.s
   Uses
      At line 70 in file ..\CORE\startup_stm32f10x_md.s
      At line 275 in file ..\CORE\startup_stm32f10x_md.s

HardFault_Handler 00000078

Symbol: HardFault_Handler
   Definitions
      At line 226 in file ..\CORE\startup_stm32f10x_md.s
   Uses
      At line 53 in file ..\CORE\startup_stm32f10x_md.s
      At line 227 in file ..\CORE\startup_stm32f10x_md.s

I2C1_ER_IRQHandler 00000088

Symbol: I2C1_ER_IRQHandler
   Definitions
      At line 347 in file ..\CORE\startup_stm32f10x_md.s
   Uses
      At line 98 in file ..\CORE\startup_stm32f10x_md.s
      At line 303 in file ..\CORE\startup_stm32f10x_md.s

I2C1_EV_IRQHandler 00000088

Symbol: I2C1_EV_IRQHandler
   Definitions
      At line 346 in file ..\CORE\startup_stm32f10x_md.s
   Uses
      At line 97 in file ..\CORE\startup_stm32f10x_md.s
      At line 302 in file ..\CORE\startup_stm32f10x_md.s

I2C2_ER_IRQHandler 00000088

Symbol: I2C2_ER_IRQHandler
   Definitions
      At line 349 in file ..\CORE\startup_stm32f10x_md.s
   Uses
      At line 100 in file ..\CORE\startup_stm32f10x_md.s
      At line 305 in file ..\CORE\startup_stm32f10x_md.s

I2C2_EV_IRQHandler 00000088

Symbol: I2C2_EV_IRQHandler
   Definitions
      At line 348 in file ..\CORE\startup_stm32f10x_md.s
   Uses
      At line 99 in file ..\CORE\startup_stm32f10x_md.s
      At line 304 in file ..\CORE\startup_stm32f10x_md.s

MemManage_Handler 0000007A

Symbol: MemManage_Handler
   Definitions



ARM Macro Assembler    Page 6 Alphabetic symbol ordering
Relocatable symbols

      At line 232 in file ..\CORE\startup_stm32f10x_md.s
   Uses
      At line 54 in file ..\CORE\startup_stm32f10x_md.s
      At line 233 in file ..\CORE\startup_stm32f10x_md.s

NMI_Handler 00000076

Symbol: NMI_Handler
   Definitions
      At line 220 in file ..\CORE\startup_stm32f10x_md.s
   Uses
      At line 52 in file ..\CORE\startup_stm32f10x_md.s
      At line 221 in file ..\CORE\startup_stm32f10x_md.s

PVD_IRQHandler 00000088

Symbol: PVD_IRQHandler
   Definitions
      At line 316 in file ..\CORE\startup_stm32f10x_md.s
   Uses
      At line 67 in file ..\CORE\startup_stm32f10x_md.s
      At line 272 in file ..\CORE\startup_stm32f10x_md.s

PendSV_Handler 00000084

Symbol: PendSV_Handler
   Definitions
      At line 260 in file ..\CORE\startup_stm32f10x_md.s
   Uses
      At line 64 in file ..\CORE\startup_stm32f10x_md.s
      At line 261 in file ..\CORE\startup_stm32f10x_md.s

ProcessTerminate 00000002

Symbol: ProcessTerminate
   Definitions
      At line 136 in file ..\CORE\startup_stm32f10x_md.s
   Uses
      At line 127 in file ..\CORE\startup_stm32f10x_md.s
      At line 154 in file ..\CORE\startup_stm32f10x_md.s

RCC_IRQHandler 00000088

Symbol: RCC_IRQHandler
   Definitions
      At line 320 in file ..\CORE\startup_stm32f10x_md.s
   Uses
      At line 71 in file ..\CORE\startup_stm32f10x_md.s
      At line 276 in file ..\CORE\startup_stm32f10x_md.s

RTCAlarm_IRQHandler 00000088

Symbol: RTCAlarm_IRQHandler
   Definitions
      At line 356 in file ..\CORE\startup_stm32f10x_md.s
   Uses
      At line 107 in file ..\CORE\startup_stm32f10x_md.s
      At line 312 in file ..\CORE\startup_stm32f10x_md.s




ARM Macro Assembler    Page 7 Alphabetic symbol ordering
Relocatable symbols

RTC_IRQHandler 00000088

Symbol: RTC_IRQHandler
   Definitions
      At line 318 in file ..\CORE\startup_stm32f10x_md.s
   Uses
      At line 69 in file ..\CORE\startup_stm32f10x_md.s
      At line 274 in file ..\CORE\startup_stm32f10x_md.s

Reset_Handler 00000000

Symbol: Reset_Handler
   Definitions
      At line 130 in file ..\CORE\startup_stm32f10x_md.s
   Uses
      At line 51 in file ..\CORE\startup_stm32f10x_md.s
      At line 131 in file ..\CORE\startup_stm32f10x_md.s

SPI1_IRQHandler 00000088

Symbol: SPI1_IRQHandler
   Definitions
      At line 350 in file ..\CORE\startup_stm32f10x_md.s
   Uses
      At line 101 in file ..\CORE\startup_stm32f10x_md.s
      At line 306 in file ..\CORE\startup_stm32f10x_md.s

SPI2_IRQHandler 00000088

Symbol: SPI2_IRQHandler
   Definitions
      At line 351 in file ..\CORE\startup_stm32f10x_md.s
   Uses
      At line 102 in file ..\CORE\startup_stm32f10x_md.s
      At line 307 in file ..\CORE\startup_stm32f10x_md.s

SVC_Handler 00000080

Symbol: SVC_Handler
   Definitions
      At line 249 in file ..\CORE\startup_stm32f10x_md.s
   Uses
      At line 61 in file ..\CORE\startup_stm32f10x_md.s
      At line 250 in file ..\CORE\startup_stm32f10x_md.s

SetCounterZero 00000066

Symbol: SetCounterZero
   Definitions
      At line 205 in file ..\CORE\startup_stm32f10x_md.s
   Uses
      At line 197 in file ..\CORE\startup_stm32f10x_md.s
Comment: SetCounterZero used once
SysTick_Handler 00000086

Symbol: SysTick_Handler
   Definitions
      At line 265 in file ..\CORE\startup_stm32f10x_md.s
   Uses



ARM Macro Assembler    Page 8 Alphabetic symbol ordering
Relocatable symbols

      At line 65 in file ..\CORE\startup_stm32f10x_md.s
      At line 266 in file ..\CORE\startup_stm32f10x_md.s

TAMPER_IRQHandler 00000088

Symbol: TAMPER_IRQHandler
   Definitions
      At line 317 in file ..\CORE\startup_stm32f10x_md.s
   Uses
      At line 68 in file ..\CORE\startup_stm32f10x_md.s
      At line 273 in file ..\CORE\startup_stm32f10x_md.s

TIM1_BRK_IRQHandler 00000088

Symbol: TIM1_BRK_IRQHandler
   Definitions
      At line 339 in file ..\CORE\startup_stm32f10x_md.s
   Uses
      At line 90 in file ..\CORE\startup_stm32f10x_md.s
      At line 295 in file ..\CORE\startup_stm32f10x_md.s

TIM1_CC_IRQHandler 00000088

Symbol: TIM1_CC_IRQHandler
   Definitions
      At line 342 in file ..\CORE\startup_stm32f10x_md.s
   Uses
      At line 93 in file ..\CORE\startup_stm32f10x_md.s
      At line 298 in file ..\CORE\startup_stm32f10x_md.s

TIM1_TRG_COM_IRQHandler 00000088

Symbol: TIM1_TRG_COM_IRQHandler
   Definitions
      At line 341 in file ..\CORE\startup_stm32f10x_md.s
   Uses
      At line 92 in file ..\CORE\startup_stm32f10x_md.s
      At line 297 in file ..\CORE\startup_stm32f10x_md.s

TIM1_UP_IRQHandler 00000088

Symbol: TIM1_UP_IRQHandler
   Definitions
      At line 340 in file ..\CORE\startup_stm32f10x_md.s
   Uses
      At line 91 in file ..\CORE\startup_stm32f10x_md.s
      At line 296 in file ..\CORE\startup_stm32f10x_md.s

TIM2_IRQHandler 00000088

Symbol: TIM2_IRQHandler
   Definitions
      At line 343 in file ..\CORE\startup_stm32f10x_md.s
   Uses
      At line 94 in file ..\CORE\startup_stm32f10x_md.s
      At line 299 in file ..\CORE\startup_stm32f10x_md.s

TIM3_IRQHandler 00000088




ARM Macro Assembler    Page 9 Alphabetic symbol ordering
Relocatable symbols

Symbol: TIM3_IRQHandler
   Definitions
      At line 344 in file ..\CORE\startup_stm32f10x_md.s
   Uses
      At line 95 in file ..\CORE\startup_stm32f10x_md.s
      At line 300 in file ..\CORE\startup_stm32f10x_md.s

TIM4_IRQHandler 00000088

Symbol: TIM4_IRQHandler
   Definitions
      At line 345 in file ..\CORE\startup_stm32f10x_md.s
   Uses
      At line 96 in file ..\CORE\startup_stm32f10x_md.s
      At line 301 in file ..\CORE\startup_stm32f10x_md.s

USART1_IRQHandler 00000088

Symbol: USART1_IRQHandler
   Definitions
      At line 352 in file ..\CORE\startup_stm32f10x_md.s
   Uses
      At line 103 in file ..\CORE\startup_stm32f10x_md.s
      At line 308 in file ..\CORE\startup_stm32f10x_md.s

USART2_IRQHandler 00000088

Symbol: USART2_IRQHandler
   Definitions
      At line 353 in file ..\CORE\startup_stm32f10x_md.s
   Uses
      At line 104 in file ..\CORE\startup_stm32f10x_md.s
      At line 309 in file ..\CORE\startup_stm32f10x_md.s

USART3_IRQHandler 00000088

Symbol: USART3_IRQHandler
   Definitions
      At line 354 in file ..\CORE\startup_stm32f10x_md.s
   Uses
      At line 105 in file ..\CORE\startup_stm32f10x_md.s
      At line 310 in file ..\CORE\startup_stm32f10x_md.s

USBWakeUp_IRQHandler 00000088

Symbol: USBWakeUp_IRQHandler
   Definitions
      At line 357 in file ..\CORE\startup_stm32f10x_md.s
   Uses
      At line 108 in file ..\CORE\startup_stm32f10x_md.s
      At line 313 in file ..\CORE\startup_stm32f10x_md.s

USB_HP_CAN1_TX_IRQHandler 00000088

Symbol: USB_HP_CAN1_TX_IRQHandler
   Definitions
      At line 334 in file ..\CORE\startup_stm32f10x_md.s
   Uses
      At line 85 in file ..\CORE\startup_stm32f10x_md.s



ARM Macro Assembler    Page 10 Alphabetic symbol ordering
Relocatable symbols

      At line 290 in file ..\CORE\startup_stm32f10x_md.s

USB_LP_CAN1_RX0_IRQHandler 00000088

Symbol: USB_LP_CAN1_RX0_IRQHandler
   Definitions
      At line 335 in file ..\CORE\startup_stm32f10x_md.s
   Uses
      At line 86 in file ..\CORE\startup_stm32f10x_md.s
      At line 291 in file ..\CORE\startup_stm32f10x_md.s

UsageFault_Handler 0000007E

Symbol: UsageFault_Handler
   Definitions
      At line 244 in file ..\CORE\startup_stm32f10x_md.s
   Uses
      At line 56 in file ..\CORE\startup_stm32f10x_md.s
      At line 245 in file ..\CORE\startup_stm32f10x_md.s

WWDG_IRQHandler 00000088

Symbol: WWDG_IRQHandler
   Definitions
      At line 315 in file ..\CORE\startup_stm32f10x_md.s
   Uses
      At line 66 in file ..\CORE\startup_stm32f10x_md.s
      At line 271 in file ..\CORE\startup_stm32f10x_md.s

63 symbols



ARM Macro Assembler    Page 1 Alphabetic symbol ordering
Absolute symbols

CONST_A_VAL 00004347

Symbol: CONST_A_VAL
   Definitions
      At line 118 in file ..\CORE\startup_stm32f10x_md.s
   Uses
      At line 183 in file ..\CORE\startup_stm32f10x_md.s
Comment: CONST_A_VAL used once
CONST_B_VAL 00004D43

Symbol: CONST_B_VAL
   Definitions
      At line 119 in file ..\CORE\startup_stm32f10x_md.s
   Uses
      At line 186 in file ..\CORE\startup_stm32f10x_md.s
Comment: CONST_B_VAL used once
CONST_C_VAL 00005500

Symbol: CONST_C_VAL
   Definitions
      At line 120 in file ..\CORE\startup_stm32f10x_md.s
   Uses
      At line 189 in file ..\CORE\startup_stm32f10x_md.s
Comment: CONST_C_VAL used once
Heap_Size 00000000

Symbol: Heap_Size
   Definitions
      At line 36 in file ..\CORE\startup_stm32f10x_md.s
   Uses
      At line 39 in file ..\CORE\startup_stm32f10x_md.s
Comment: Heap_Size used once
MAX_VAL_25 00000019

Symbol: MAX_VAL_25
   Definitions
      At line 117 in file ..\CORE\startup_stm32f10x_md.s
   Uses
      At line 149 in file ..\CORE\startup_stm32f10x_md.s
Comment: MAX_VAL_25 used once
MEM_X_ADDR 0800E006

Symbol: MEM_X_ADDR
   Definitions
      At line 121 in file ..\CORE\startup_stm32f10x_md.s
   Uses
      At line 175 in file ..\CORE\startup_stm32f10x_md.s
Comment: MEM_X_ADDR used once
MEM_Y_ADDR 0800E008

Symbol: MEM_Y_ADDR
   Definitions
      At line 122 in file ..\CORE\startup_stm32f10x_md.s
   Uses
      At line 177 in file ..\CORE\startup_stm32f10x_md.s
Comment: MEM_Y_ADDR used once
MEM_Z_ADDR 0800E00A

Symbol: MEM_Z_ADDR



ARM Macro Assembler    Page 2 Alphabetic symbol ordering
Absolute symbols

   Definitions
      At line 123 in file ..\CORE\startup_stm32f10x_md.s
   Uses
      At line 179 in file ..\CORE\startup_stm32f10x_md.s
Comment: MEM_Z_ADDR used once
Stack_Size 00000400

Symbol: Stack_Size
   Definitions
      At line 31 in file ..\CORE\startup_stm32f10x_md.s
   Uses
      At line 33 in file ..\CORE\startup_stm32f10x_md.s
Comment: Stack_Size used once
VAR_X_FLAG 20001000

Symbol: VAR_X_FLAG
   Definitions
      At line 115 in file ..\CORE\startup_stm32f10x_md.s
   Uses
      At line 194 in file ..\CORE\startup_stm32f10x_md.s
      At line 201 in file ..\CORE\startup_stm32f10x_md.s

VAR_Y_COUNT 20001004

Symbol: VAR_Y_COUNT
   Definitions
      At line 116 in file ..\CORE\startup_stm32f10x_md.s
   Uses
      At line 142 in file ..\CORE\startup_stm32f10x_md.s
      At line 207 in file ..\CORE\startup_stm32f10x_md.s

__Vectors_Size 000000EC

Symbol: __Vectors_Size
   Definitions
      At line 111 in file ..\CORE\startup_stm32f10x_md.s
   Uses
      At line 48 in file ..\CORE\startup_stm32f10x_md.s
Comment: __Vectors_Size used once
12 symbols



ARM Macro Assembler    Page 1 Alphabetic symbol ordering
External symbols

SystemInit 00000000

Symbol: SystemInit
   Definitions
      At line 125 in file ..\CORE\startup_stm32f10x_md.s
   Uses
      At line 212 in file ..\CORE\startup_stm32f10x_md.s
Comment: SystemInit used once
__main 00000000

Symbol: __main
   Definitions
      At line 126 in file ..\CORE\startup_stm32f10x_md.s
   Uses
      At line 215 in file ..\CORE\startup_stm32f10x_md.s
Comment: __main used once
2 symbols
422 symbols in table
